Dev/TwitterSeller/app/build/intermediates/manifest_merge_blame_file/release/manifest-merger-blame-release-report.txt
1<?xml version="1.0" encoding="utf-8"?>
2<manifest xmlns:android="http://schemas.android.com/apk/res/android"
3    package="com.apps4si.TwitterSeller"
4    android:versionCode="1"
5    android:versionName="1.0" >
6
7    <uses-sdk
8        android:minSdkVersion="16"
8-->src\main\AndroidManifest.xml
9        android:targetSdkVersion="30" />
9-->src\main\AndroidManifest.xml
10
11    <uses-feature
11-->src\main\AndroidManifest.xml:5:5-7:35
12        android:name="android.hardware.camera"
12-->src\main\AndroidManifest.xml:6:9-47
13        android:required="true" />
13-->src\main\AndroidManifest.xml:7:9-32
14
15    <uses-permission android:name="android.permission.READ_EXTERNAL_STORAGE" />
15-->src\main\AndroidManifest.xml:9:5-80
15-->src\main\AndroidManifest.xml:9:22-77
16    <uses-permission android:name="android.permission.WRITE_EXTERNAL_STORAGE" />
16-->src\main\AndroidManifest.xml:10:5-81
16-->src\main\AndroidManifest.xml:10:22-78
17    <uses-permission android:name="android.permission.ACCESS_WIFI_STATE" />
17-->src\main\AndroidManifest.xml:11:5-76
17-->src\main\AndroidManifest.xml:11:22-73
18    <uses-permission android:name="android.permission.INTERNET" />
18-->src\main\AndroidManifest.xml:12:5-67
18-->src\main\AndroidManifest.xml:12:22-64
19    <uses-permission android:name="android.permission.ACCESS_COARSE_LOCATION" />
19-->src\main\AndroidManifest.xml:13:5-81
19-->src\main\AndroidManifest.xml:13:22-78
20
21    <application
21-->src\main\AndroidManifest.xml:15:5-50:19
22        android:allowBackup="true"
22-->src\main\AndroidManifest.xml:16:9-35
23        android:appComponentFactory="androidx.core.app.CoreComponentFactory"
23-->[androidx.core:core:1.5.0] AndroidManifest.xml:24:18-86
24        android:icon="@mipmap/ic_launcher"
24-->src\main\AndroidManifest.xml:17:9-43
25        android:label="@string/app_name"
25-->src\main\AndroidManifest.xml:18:9-41
26        android:roundIcon="@mipmap/ic_launcher_round"
26-->src\main\AndroidManifest.xml:19:9-54
27        android:supportsRtl="true"
27-->src\main\AndroidManifest.xml:20:9-35
28        android:theme="@style/Theme.CameraInput" >
28-->src\main\AndroidManifest.xml:21:9-49
29        <activity android:name="com.apps4si.TwitterSeller.FinalActivity" />
29-->src\main\AndroidManifest.xml:22:9-85
29-->src\main\AndroidManifest.xml:22:19-73
30        <activity android:name="com.apps4si.TwitterSeller.PreviewActivity" />
30-->src\main\AndroidManifest.xml:23:9-78
30-->src\main\AndroidManifest.xml:23:19-75
31
32        <meta-data
32-->src\main\AndroidManifest.xml:25:9-27:48
33            android:name="com.google.android.actions"
33-->src\main\AndroidManifest.xml:26:13-54
34            android:resource="@xml/filepath" />
34-->src\main\AndroidManifest.xml:27:13-45
35
36        <activity android:name="com.apps4si.TwitterSeller.MainActivity" >
36-->src\main\AndroidManifest.xml:29:9-35:20
36-->src\main\AndroidManifest.xml:29:19-72
37            <intent-filter>
37-->src\main\AndroidManifest.xml:30:13-34:29
38                <action android:name="android.intent.action.MAIN" />
38-->src\main\AndroidManifest.xml:31:17-69
38-->src\main\AndroidManifest.xml:31:25-66
39
40                <category android:name="android.intent.category.LAUNCHER" />
40-->src\main\AndroidManifest.xml:33:17-77
40-->src\main\AndroidManifest.xml:33:27-74
41            </intent-filter>
42        </activity>
43
44        <provider
44-->src\main\AndroidManifest.xml:37:9-45:20
45            android:name="androidx.core.content.FileProvider"
45-->src\main\AndroidManifest.xml:38:13-62
46            android:authorities="com.apps4si.TwitterSeller"
46-->src\main\AndroidManifest.xml:39:13-60
47            android:exported="false"
47-->src\main\AndroidManifest.xml:40:13-37
48            android:grantUriPermissions="true" >
48-->src\main\AndroidManifest.xml:41:13-47
49            <meta-data
49-->src\main\AndroidManifest.xml:42:13-44:52
50                android:name="android.support.FILE_PROVIDER_PATHS"
50-->src\main\AndroidManifest.xml:43:17-67
51                android:resource="@xml/filepath" />
51-->src\main\AndroidManifest.xml:44:17-49
52        </provider>
53
54        <service
54-->src\main\AndroidManifest.xml:47:9-49:56
55            android:name="com.apps4si.TwitterSeller.MainActivity"
55-->src\main\AndroidManifest.xml:48:13-66
56            android:foregroundServiceType="location" />
56-->src\main\AndroidManifest.xml:49:13-53
57
58        <activity
58-->[com.google.android.gms:play-services-base:17.5.0] AndroidManifest.xml:23:9-26:75
59            android:name="com.google.android.gms.common.api.GoogleApiActivity"
59-->[com.google.android.gms:play-services-base:17.5.0] AndroidManifest.xml:24:13-79
60            android:exported="false"
60-->[com.google.android.gms:play-services-base:17.5.0] AndroidManifest.xml:25:13-37
61            android:theme="@android:style/Theme.Translucent.NoTitleBar" />
61-->[com.google.android.gms:play-services-base:17.5.0] AndroidManifest.xml:26:13-72
62
63        <meta-data
63-->[com.google.android.gms:play-services-basement:17.5.0] AndroidManifest.xml:23:9-25:69
64            android:name="com.google.android.gms.version"
64-->[com.google.android.gms:play-services-basement:17.5.0] AndroidManifest.xml:24:13-58
65            android:value="@integer/google_play_services_version" />
65-->[com.google.android.gms:play-services-basement:17.5.0] AndroidManifest.xml:25:13-66
66    </application>
67
68</manifest>